<?xml version="1.0" encoding="UTF-8"?>
<!-- Generated by org.testng.reporters.JUnitReportReporter -->
<testsuite hostname="DESKTOP-HOF3APB" failures="0" tests="2" name="variousConcepts.LearnDataProvider" time="15.368" errors="0" timestamp="2024-04-14T12:04:00 CDT" skipped="0">
  <testcase classname="variousConcepts.LearnDataProvider" name="loginTest" time="4.878"/>
  <system-out/>
  <testcase classname="variousConcepts.LearnDataProvider" name="loginTest" time="10.490"/>
  <system-out/>
</testsuite> <!-- variousConcepts.LearnDataProvider -->
